0 info it worked if it ends with ok
1 verbose cli [ '/usr/local/bin/node', '/usr/local/bin/npm', 'start' ]
2 info using npm@3.10.2
3 info using node@v4.4.6
4 verbose run-script [ 'prestart', 'start', 'poststart' ]
5 info lifecycle testyeoman@~prestart: testyeoman@
6 silly lifecycle testyeoman@~prestart: no script for prestart, continuing
7 info lifecycle testyeoman@~start: testyeoman@
8 verbose lifecycle testyeoman@~start: unsafe-perm in lifecycle true
9 verbose lifecycle testyeoman@~start: PATH: /usr/local/lib/node_modules/npm/bin/node-gyp-bin:/Users/UmarBajwa/Desktop/uplift_client/node_modules/.bin:/usr/local/bin:/usr/local/heroku/bin:/usr/local/bin:/usr/local/sbin:~/bin:/Users/UmarBajwa/.rbenv/bin:/Users/UmarBajwa/.rbenv/shims:/usr/local/bin:/usr/bin:/bin:/usr/sbin:/sbin:/opt/X11/bin
10 verbose lifecycle testyeoman@~start: CWD: /Users/UmarBajwa/Desktop/uplift_client
11 silly lifecycle testyeoman@~start: Args: [ '-c', 'node node_modules/http-server/bin/http-server app -o' ]
12 silly lifecycle testyeoman@~start: Returned: code: 1  signal: null
13 info lifecycle testyeoman@~start: Failed to exec start script
14 verbose stack Error: testyeoman@ start: `node node_modules/http-server/bin/http-server app -o`
14 verbose stack Exit status 1
14 verbose stack     at EventEmitter.<anonymous> (/usr/local/lib/node_modules/npm/lib/utils/lifecycle.js:242:16)
14 verbose stack     at emitTwo (events.js:87:13)
14 verbose stack     at EventEmitter.emit (events.js:172:7)
14 verbose stack     at ChildProcess.<anonymous> (/usr/local/lib/node_modules/npm/lib/utils/spawn.js:40:14)
14 verbose stack     at emitTwo (events.js:87:13)
14 verbose stack     at ChildProcess.emit (events.js:172:7)
14 verbose stack     at maybeClose (internal/child_process.js:827:16)
14 verbose stack     at Process.ChildProcess._handle.onexit (internal/child_process.js:211:5)
15 verbose pkgid testyeoman@
16 verbose cwd /Users/UmarBajwa/Desktop/uplift_client
17 error Darwin 14.5.0
18 error argv "/usr/local/bin/node" "/usr/local/bin/npm" "start"
19 error node v4.4.6
20 error npm  v3.10.2
21 error code ELIFECYCLE
22 error testyeoman@ start: `node node_modules/http-server/bin/http-server app -o`
22 error Exit status 1
23 error Failed at the testyeoman@ start script 'node node_modules/http-server/bin/http-server app -o'.
23 error Make sure you have the latest version of node.js and npm installed.
23 error If you do, this is most likely a problem with the testyeoman package,
23 error not with npm itself.
23 error Tell the author that this fails on your system:
23 error     node node_modules/http-server/bin/http-server app -o
23 error You can get information on how to open an issue for this project with:
23 error     npm bugs testyeoman
23 error Or if that isn't available, you can get their info via:
23 error     npm owner ls testyeoman
23 error There is likely additional logging output above.
24 verbose exit [ 1, true ]
